<?xml version="1.0" encoding="UTF-8"?>
<testng-results total="6" passed="6" failed="0" skipped="0">
  <reporter-output>
  </reporter-output>
  <suite started-at="2022-02-17T02:54:49Z" name="Suite" finished-at="2022-02-17T02:54:49Z" duration-ms="210">
    <groups>
    </groups>
    <test started-at="2022-02-17T02:54:49Z" name="Test" finished-at="2022-02-17T02:54:49Z" duration-ms="31">
      <class name="Frame.day1">
        <test-method signature="mode()[pri:0, instance:Frame.day1@3f57bcad]" started-at="2022-02-17T08:24:49Z" name="mode" finished-at="2022-02-17T08:24:49Z" duration-ms="5" status="PASS">
          <reporter-output>
          </reporter-output>
        </test-method> <!-- mode -->
        <test-method is-config="true" signature="demo()[pri:0, instance:Frame.day1@3f57bcad]" started-at="2022-02-17T08:24:49Z" name="demo" finished-at="2022-02-17T08:24:49Z" duration-ms="0" status="PASS">
          <reporter-output>
          </reporter-output>
        </test-method> <!-- demo -->
      </class> <!-- Frame.day1 -->
      <class name="Frame.day2">
        <test-method is-config="true" signature="bode()[pri:0, instance:Frame.day2@3697186]" started-at="2022-02-17T08:24:49Z" name="bode" finished-at="2022-02-17T08:24:49Z" duration-ms="10" status="PASS">
          <reporter-output>
          </reporter-output>
        </test-method> <!-- bode -->
        <test-method is-config="true" signature="modul()[pri:0, instance:Frame.day2@3697186]" started-at="2022-02-17T08:24:49Z" name="modul" finished-at="2022-02-17T08:24:49Z" duration-ms="0" status="PASS">
          <reporter-output>
          </reporter-output>
        </test-method> <!-- modul -->
      </class> <!-- Frame.day2 -->
    </test> <!-- Test -->
    <test started-at="2022-02-17T02:54:49Z" name="Car Loan" finished-at="2022-02-17T02:54:49Z" duration-ms="18">
      <class name="Frame.day3">
        <test-method signature="MobileloginCarLaon()[pri:0, instance:Frame.day3@2421cc4]" started-at="2022-02-17T08:24:49Z" name="MobileloginCarLaon" finished-at="2022-02-17T08:24:49Z" duration-ms="4" status="PASS">
          <reporter-output>
          </reporter-output>
        </test-method> <!-- MobileloginCarLaon -->
        <test-method signature="WebloginCarLaon()[pri:0, instance:Frame.day3@2421cc4]" started-at="2022-02-17T08:24:49Z" name="WebloginCarLaon" finished-at="2022-02-17T08:24:49Z" duration-ms="3" status="PASS">
          <reporter-output>
          </reporter-output>
        </test-method> <!-- WebloginCarLaon -->
        <test-method is-config="true" signature="LoginAPICarLaon()[pri:0, instance:Frame.day3@2421cc4]" started-at="2022-02-17T08:24:49Z" name="LoginAPICarLaon" finished-at="2022-02-17T08:24:49Z" duration-ms="1" status="PASS">
          <reporter-output>
          </reporter-output>
        </test-method> <!-- LoginAPICarLaon -->
      </class> <!-- Frame.day3 -->
    </test> <!-- Car Loan -->
    <test started-at="2022-02-17T02:54:49Z" name="Home Loan" finished-at="2022-02-17T02:54:49Z" duration-ms="33">
      <class name="Frame.day4">
        <test-method signature="LoginAPIHomeLaon()[pri:0, instance:Frame.day4@70f02c32]" started-at="2022-02-17T08:24:49Z" name="LoginAPIHomeLaon" finished-at="2022-02-17T08:24:49Z" duration-ms="2" status="PASS">
          <reporter-output>
          </reporter-output>
        </test-method> <!-- LoginAPIHomeLaon -->
        <test-method signature="MobileloginHomeLaon()[pri:0, instance:Frame.day4@70f02c32]" started-at="2022-02-17T08:24:49Z" name="MobileloginHomeLaon" finished-at="2022-02-17T08:24:49Z" duration-ms="4" status="PASS">
          <reporter-output>
          </reporter-output>
        </test-method> <!-- MobileloginHomeLaon -->
        <test-method signature="WebloginHomeLaon()[pri:0, instance:Frame.day4@70f02c32]" started-at="2022-02-17T08:24:49Z" name="WebloginHomeLaon" finished-at="2022-02-17T08:24:49Z" duration-ms="4" status="PASS">
          <reporter-output>
          </reporter-output>
        </test-method> <!-- WebloginHomeLaon -->
      </class> <!-- Frame.day4 -->
    </test> <!-- Home Loan -->
  </suite> <!-- Suite -->
</testng-results>
